<?xml version="1.0" encoding="UTF-8"?>
<testsuite xmlns:xsi="http://www.w3.org/2001/XMLSchema-instance" xsi:noNamespaceSchemaLocation="https://maven.apache.org/surefire/maven-surefire-plugin/xsd/surefire-test-report.xsd" version="3.0.2" name="UPIIZ.Examen.I.ExamenIApplicationTests" time="2.176" tests="1" errors="0" skipped="0" failures="0">
  <properties>
[...]
</properties>
  <testcase name="contextLoads" classname="UPIIZ.Examen.I.ExamenIApplicationTests" time="0.635">
    <system-out><![CDATA[11:35:52.662 [main] INFO org.springframework.test.context.support.AnnotationConfigContextLoaderUtils -- Could not detect default configuration classes for test class [UPIIZ.Examen.I.ExamenIApplicationTests]: ExamenIApplicationTests does not declare any static, non-private, non-final, nested classes annotated with @Configuration.
11:35:52.757 [main] INFO org.springframework.boot.test.context.SpringBootTestContextBootstrapper -- Found @SpringBootConfiguration UPIIZ.Examen.I.ExamenIApplication for test class UPIIZ.Examen.I.ExamenIApplicationTests
11:35:52.887 [main] INFO org.springframework.boot.devtools.restart.RestartApplicationListener -- Restart disabled due to context in which it is running

  .   ____          _            __ _ _
 /\\ / ___'_ __ _ _(_)_ __  __ _ \ \ \ \
( ( )\___ | '_ | '_| | '_ \/ _` | \ \ \ \
 \\/  ___)| |_)| | | | | || (_| |  ) ) ) )
  '  |____| .__|_| |_|_| |_\__, | / / / /
 =========|_|==============|___/=/_/_/_/

 :: Spring Boot ::                (v3.4.3)

2025-03-23T11:35:53.115-06:00  INFO 15196 --- [Examen-I] [           main] UPIIZ.Examen.I.ExamenIApplicationTests   : Starting ExamenIApplicationTests using Java 21.0.4 with PID 15196 (started by JP in D:\IPN\4to Semestre\Tecnologías para el Desarrollo de Aplicaciones Web\1er Parcial\Tareas-Actividades-Practicas\Examen I\Examen-I)
2025-03-23T11:35:53.115-06:00  INFO 15196 --- [Examen-I] [           main] UPIIZ.Examen.I.ExamenIApplicationTests   : No active profile set, falling back to 1 default profile: "default"
2025-03-23T11:35:54.037-06:00  INFO 15196 --- [Examen-I] [           main] UPIIZ.Examen.I.ExamenIApplicationTests   : Started ExamenIApplicationTests in 1.168 seconds (process running for 2.108)
]]></system-out>
    <system-err><![CDATA[Mockito is currently self-attaching to enable the inline-mock-maker. This will no longer work in future releases of the JDK. Please add Mockito as an agent to your build what is described in Mockito's documentation: https://javadoc.io/doc/org.mockito/mockito-core/latest/org/mockito/Mockito.html#0.3
WARNING: A Java agent has been loaded dynamically (C:\Users\JP\.m2\repository\net\bytebuddy\byte-buddy-agent\1.15.11\byte-buddy-agent-1.15.11.jar)
WARNING: If a serviceability tool is in use, please run with -XX:+EnableDynamicAgentLoading to hide this warning
WARNING: If a serviceability tool is not in use, please run with -Djdk.instrument.traceUsage for more information
WARNING: Dynamic loading of agents will be disallowed by default in a future release
]]></system-err>
  </testcase>
</testsuite>